<?xml version="1.0" encoding="UTF-8"?>
<testsuite xmlns:xsi="http://www.w3.org/2001/XMLSchema-instance" xsi:noNamespaceSchemaLocation="https://maven.apache.org/surefire/maven-surefire-plugin/xsd/surefire-test-report-3.0.xsd" version="3.0" name="ru.yandex.praktikum.BurgerConstructorTest" time="10.955" tests="3" errors="0" skipped="0" failures="0">
  <properties>
[...]
</properties>
  <testcase name="navigateToBunIngredient" classname="ru.yandex.praktikum.BurgerConstructorTest" time="9.499"/>
  <testcase name="navigateToSauceIngredient" classname="ru.yandex.praktikum.BurgerConstructorTest" time="0.628"/>
  <testcase name="navigateToFillingIngredient" classname="ru.yandex.praktikum.BurgerConstructorTest" time="0.551"/>
</testsuite>